[25-Feb-2026 10:04:12 UTC] ========== EDIT PAGE ACCESSED ==========
[25-Feb-2026 10:04:12 UTC] Session ID: gdc6som3s0s2nk75lbttej8lv0
[25-Feb-2026 10:04:12 UTC] Using Order ID from session: 11
[25-Feb-2026 10:04:12 UTC] Using Applicant ID from session: 11
[25-Feb-2026 10:04:12 UTC] Found 15 questions for country_id: 1
[25-Feb-2026 10:04:12 UTC] ========== UPLOAD DEBUG ==========
[25-Feb-2026 10:04:12 UTC] Order ID: 11
[25-Feb-2026 10:04:12 UTC] Order created_at: 2026-01-19 10:10:30
[25-Feb-2026 10:04:12 UTC] Order array keys: id, country_id, visa_type_id, visa_type, processing_time, email, phone, total_amount, currency, payment_status, visa_status, created_at, updated_at, country_name
[25-Feb-2026 10:04:56 UTC] ========== EDIT PAGE ACCESSED ==========
[25-Feb-2026 10:04:56 UTC] Session ID: gdc6som3s0s2nk75lbttej8lv0
[25-Feb-2026 10:04:56 UTC] Using Order ID from session: 11
[25-Feb-2026 10:04:56 UTC] Using Applicant ID from session: 11
[25-Feb-2026 10:04:56 UTC] Found 15 questions for country_id: 1
[25-Feb-2026 10:04:56 UTC] ========== UPLOAD DEBUG ==========
[25-Feb-2026 10:04:56 UTC] Order ID: 11
[25-Feb-2026 10:04:56 UTC] Order created_at: 2026-01-19 10:10:30
[25-Feb-2026 10:04:56 UTC] Order array keys: id, country_id, visa_type_id, visa_type, processing_time, email, phone, total_amount, currency, payment_status, visa_status, created_at, updated_at, country_name
[25-Feb-2026 10:05:00 UTC] ========== EDIT PAGE ACCESSED ==========
[25-Feb-2026 10:05:00 UTC] Session ID: gdc6som3s0s2nk75lbttej8lv0
[25-Feb-2026 10:05:00 UTC] Using Order ID from session: 11
[25-Feb-2026 10:05:00 UTC] Using Applicant ID from session: 11
[25-Feb-2026 10:05:00 UTC] Found 15 questions for country_id: 1
[25-Feb-2026 10:05:00 UTC] ========== UPLOAD DEBUG ==========
[25-Feb-2026 10:05:00 UTC] Order ID: 11
[25-Feb-2026 10:05:00 UTC] Order created_at: 2026-01-19 10:10:30
[25-Feb-2026 10:05:00 UTC] Order array keys: id, country_id, visa_type_id, visa_type, processing_time, email, phone, total_amount, currency, payment_status, visa_status, created_at, updated_at, country_name
[25-Feb-2026 10:05:10 UTC] ========== EDIT PAGE ACCESSED ==========
[25-Feb-2026 10:05:10 UTC] Session ID: gdc6som3s0s2nk75lbttej8lv0
[25-Feb-2026 10:05:10 UTC] Using Order ID from session: 11
[25-Feb-2026 10:05:10 UTC] Using Applicant ID from session: 11
[25-Feb-2026 10:05:10 UTC] Found 15 questions for country_id: 1
[25-Feb-2026 10:05:10 UTC] ========== UPLOAD DEBUG ==========
[25-Feb-2026 10:05:10 UTC] Order ID: 11
[25-Feb-2026 10:05:10 UTC] Order created_at: 2026-01-19 10:10:30
[25-Feb-2026 10:05:10 UTC] Order array keys: id, country_id, visa_type_id, visa_type, processing_time, email, phone, total_amount, currency, payment_status, visa_status, created_at, updated_at, country_name
[25-Feb-2026 10:05:48 UTC] ========== EDIT PAGE ACCESSED ==========
[25-Feb-2026 10:05:48 UTC] Session ID: gdc6som3s0s2nk75lbttej8lv0
[25-Feb-2026 10:05:48 UTC] Using Order ID from session: 11
[25-Feb-2026 10:05:48 UTC] Using Applicant ID from session: 11
[25-Feb-2026 10:05:48 UTC] Found 15 questions for country_id: 1
[25-Feb-2026 10:05:48 UTC] ========== UPLOAD DEBUG ==========
[25-Feb-2026 10:05:48 UTC] Order ID: 11
[25-Feb-2026 10:05:48 UTC] Order created_at: 2026-01-19 10:10:30
[25-Feb-2026 10:05:48 UTC] Order array keys: id, country_id, visa_type_id, visa_type, processing_time, email, phone, total_amount, currency, payment_status, visa_status, created_at, updated_at, country_name
[25-Feb-2026 10:08:43 UTC] ========== EDIT PAGE ACCESSED ==========
[25-Feb-2026 10:08:43 UTC] Session ID: gdc6som3s0s2nk75lbttej8lv0
[25-Feb-2026 10:08:43 UTC] Using Order ID from session: 11
[25-Feb-2026 10:08:43 UTC] Using Applicant ID from session: 11
[25-Feb-2026 10:08:43 UTC] Found 15 questions for country_id: 1
[25-Feb-2026 10:08:43 UTC] ========== UPLOAD DEBUG ==========
[25-Feb-2026 10:08:43 UTC] Order ID: 11
[25-Feb-2026 10:08:43 UTC] Order created_at: 2026-01-19 10:10:30
[25-Feb-2026 10:08:43 UTC] Order array keys: id, country_id, visa_type_id, visa_type, processing_time, email, phone, total_amount, currency, payment_status, visa_status, created_at, updated_at, country_name
[25-Feb-2026 11:17:54 UTC] ========== EDIT PAGE ACCESSED ==========
[25-Feb-2026 11:17:54 UTC] Session ID: 6507bjhiv138lo9v26k8inatb1
[25-Feb-2026 11:17:54 UTC] Using Order ID from session: 116
[25-Feb-2026 11:17:54 UTC] Using Applicant ID from session: 119
[25-Feb-2026 11:17:54 UTC] Found 15 questions for country_id: 1
[25-Feb-2026 11:17:54 UTC] ========== UPLOAD DEBUG ==========
[25-Feb-2026 11:17:54 UTC] Order ID: 116
[25-Feb-2026 11:17:54 UTC] Order created_at: 2026-02-25 11:15:52
[25-Feb-2026 11:17:54 UTC] Order array keys: id, country_id, visa_type_id, visa_type, processing_time, email, phone, total_amount, currency, payment_status, visa_status, created_at, updated_at, country_name
[25-Feb-2026 11:18:27 UTC] ========== EDIT PAGE ACCESSED ==========
[25-Feb-2026 11:18:27 UTC] Session ID: 6507bjhiv138lo9v26k8inatb1
[25-Feb-2026 11:18:27 UTC] Using Order ID from session: 116
[25-Feb-2026 11:18:27 UTC] Using Applicant ID from session: 119
[25-Feb-2026 11:18:27 UTC] Found 15 questions for country_id: 1
[25-Feb-2026 11:18:27 UTC] ========== UPLOAD DEBUG ==========
[25-Feb-2026 11:18:27 UTC] Order ID: 116
[25-Feb-2026 11:18:27 UTC] Order created_at: 2026-02-25 11:15:52
[25-Feb-2026 11:18:27 UTC] Order array keys: id, country_id, visa_type_id, visa_type, processing_time, email, phone, total_amount, currency, payment_status, visa_status, created_at, updated_at, country_name
[25-Feb-2026 11:18:28 UTC] ========== EDIT PAGE ACCESSED ==========
[25-Feb-2026 11:18:28 UTC] Session ID: 6507bjhiv138lo9v26k8inatb1
[25-Feb-2026 11:18:28 UTC] Using Order ID from session: 116
[25-Feb-2026 11:18:28 UTC] Using Applicant ID from session: 119
[25-Feb-2026 11:18:28 UTC] Found 15 questions for country_id: 1
[25-Feb-2026 11:18:28 UTC] ========== UPLOAD DEBUG ==========
[25-Feb-2026 11:18:28 UTC] Order ID: 116
[25-Feb-2026 11:18:28 UTC] Order created_at: 2026-02-25 11:15:52
[25-Feb-2026 11:18:28 UTC] Order array keys: id, country_id, visa_type_id, visa_type, processing_time, email, phone, total_amount, currency, payment_status, visa_status, created_at, updated_at, country_name
[25-Feb-2026 11:18:48 UTC] ========== EDIT PAGE ACCESSED ==========
[25-Feb-2026 11:18:48 UTC] Session ID: 6507bjhiv138lo9v26k8inatb1
[25-Feb-2026 11:18:48 UTC] Using Order ID from session: 116
[25-Feb-2026 11:18:48 UTC] Using Applicant ID from session: 119
[25-Feb-2026 11:18:48 UTC] Found 15 questions for country_id: 1
[25-Feb-2026 11:18:48 UTC] ========== UPLOAD DEBUG ==========
[25-Feb-2026 11:18:48 UTC] Order ID: 116
[25-Feb-2026 11:18:48 UTC] Order created_at: 2026-02-25 11:15:52
[25-Feb-2026 11:18:48 UTC] Order array keys: id, country_id, visa_type_id, visa_type, processing_time, email, phone, total_amount, currency, payment_status, visa_status, created_at, updated_at, country_name
[26-Feb-2026 06:51:22 UTC] ========== EDIT PAGE ACCESSED ==========
[26-Feb-2026 06:51:22 UTC] Session ID: gdc6som3s0s2nk75lbttej8lv0
[26-Feb-2026 06:51:22 UTC] Using Order ID from session: 116
[26-Feb-2026 06:51:22 UTC] Using Applicant ID from session: 119
[26-Feb-2026 06:51:22 UTC] Found 15 questions for country_id: 1
[26-Feb-2026 06:51:22 UTC] ========== UPLOAD DEBUG ==========
[26-Feb-2026 06:51:22 UTC] Order ID: 116
[26-Feb-2026 06:51:22 UTC] Order created_at: 2026-02-25 11:15:52
[26-Feb-2026 06:51:22 UTC] Order array keys: id, country_id, visa_type_id, visa_type, processing_time, email, phone, total_amount, currency, payment_status, visa_status, created_at, updated_at, country_name
[26-Feb-2026 06:56:27 UTC] ========== EDIT PAGE ACCESSED ==========
[26-Feb-2026 06:56:27 UTC] Session ID: gdc6som3s0s2nk75lbttej8lv0
[26-Feb-2026 06:56:27 UTC] Using Order ID from session: 116
[26-Feb-2026 06:56:27 UTC] Using Applicant ID from session: 119
[26-Feb-2026 06:56:27 UTC] Found 15 questions for country_id: 1
[26-Feb-2026 06:56:27 UTC] ========== UPLOAD DEBUG ==========
[26-Feb-2026 06:56:27 UTC] Order ID: 116
[26-Feb-2026 06:56:27 UTC] Order created_at: 2026-02-25 11:15:52
[26-Feb-2026 06:56:27 UTC] Order array keys: id, country_id, visa_type_id, visa_type, processing_time, email, phone, total_amount, currency, payment_status, visa_status, created_at, updated_at, country_name
[26-Feb-2026 06:56:47 UTC] ========== EDIT PAGE ACCESSED ==========
[26-Feb-2026 06:56:47 UTC] Session ID: gdc6som3s0s2nk75lbttej8lv0
[26-Feb-2026 06:56:47 UTC] Using Order ID from session: 116
[26-Feb-2026 06:56:47 UTC] Using Applicant ID from session: 119
[26-Feb-2026 06:56:47 UTC] Found 15 questions for country_id: 1
[26-Feb-2026 06:56:47 UTC] ========== UPLOAD DEBUG ==========
[26-Feb-2026 06:56:47 UTC] Order ID: 116
[26-Feb-2026 06:56:47 UTC] Order created_at: 2026-02-25 11:15:52
[26-Feb-2026 06:56:47 UTC] Order array keys: id, country_id, visa_type_id, visa_type, processing_time, email, phone, total_amount, currency, payment_status, visa_status, created_at, updated_at, country_name
[26-Feb-2026 06:57:18 UTC] ========== EDIT PAGE ACCESSED ==========
[26-Feb-2026 06:57:18 UTC] Session ID: gdc6som3s0s2nk75lbttej8lv0
[26-Feb-2026 06:57:18 UTC] Using Order ID from session: 116
[26-Feb-2026 06:57:18 UTC] Using Applicant ID from session: 119
[26-Feb-2026 06:57:18 UTC] Found 15 questions for country_id: 1
[26-Feb-2026 06:57:18 UTC] ========== UPLOAD DEBUG ==========
[26-Feb-2026 06:57:18 UTC] Order ID: 116
[26-Feb-2026 06:57:18 UTC] Order created_at: 2026-02-25 11:15:52
[26-Feb-2026 06:57:18 UTC] Order array keys: id, country_id, visa_type_id, visa_type, processing_time, email, phone, total_amount, currency, payment_status, visa_status, created_at, updated_at, country_name
[26-Feb-2026 06:57:50 UTC] ========== EDIT PAGE ACCESSED ==========
[26-Feb-2026 06:57:50 UTC] Session ID: gdc6som3s0s2nk75lbttej8lv0
[26-Feb-2026 06:57:50 UTC] Using Order ID from session: 116
[26-Feb-2026 06:57:50 UTC] Using Applicant ID from session: 119
[26-Feb-2026 06:57:50 UTC] Found 15 questions for country_id: 1
[26-Feb-2026 06:57:50 UTC] ========== UPLOAD DEBUG ==========
[26-Feb-2026 06:57:50 UTC] Order ID: 116
[26-Feb-2026 06:57:50 UTC] Order created_at: 2026-02-25 11:15:52
[26-Feb-2026 06:57:50 UTC] Order array keys: id, country_id, visa_type_id, visa_type, processing_time, email, phone, total_amount, currency, payment_status, visa_status, created_at, updated_at, country_name
[26-Feb-2026 06:57:51 UTC] ========== EDIT PAGE ACCESSED ==========
[26-Feb-2026 06:57:51 UTC] Session ID: gdc6som3s0s2nk75lbttej8lv0
[26-Feb-2026 06:57:51 UTC] Using Order ID from session: 116
[26-Feb-2026 06:57:51 UTC] Using Applicant ID from session: 119
[26-Feb-2026 06:57:51 UTC] Found 15 questions for country_id: 1
[26-Feb-2026 06:57:51 UTC] ========== UPLOAD DEBUG ==========
[26-Feb-2026 06:57:51 UTC] Order ID: 116
[26-Feb-2026 06:57:51 UTC] Order created_at: 2026-02-25 11:15:52
[26-Feb-2026 06:57:51 UTC] Order array keys: id, country_id, visa_type_id, visa_type, processing_time, email, phone, total_amount, currency, payment_status, visa_status, created_at, updated_at, country_name
[26-Feb-2026 07:01:41 UTC] ========== EDIT PAGE ACCESSED ==========
[26-Feb-2026 07:01:41 UTC] Session ID: gdc6som3s0s2nk75lbttej8lv0
[26-Feb-2026 07:01:41 UTC] Using Order ID from session: 116
[26-Feb-2026 07:01:41 UTC] Using Applicant ID from session: 119
[26-Feb-2026 07:01:41 UTC] Found 15 questions for country_id: 1
[26-Feb-2026 07:01:41 UTC] ========== UPLOAD DEBUG ==========
[26-Feb-2026 07:01:41 UTC] Order ID: 116
[26-Feb-2026 07:01:41 UTC] Order created_at: 2026-02-25 11:15:52
[26-Feb-2026 07:01:41 UTC] Order array keys: id, country_id, visa_type_id, visa_type, processing_time, email, phone, total_amount, currency, payment_status, visa_status, created_at, updated_at, country_name
[26-Feb-2026 07:02:14 UTC] ========== EDIT PAGE ACCESSED ==========
[26-Feb-2026 07:02:14 UTC] Session ID: gdc6som3s0s2nk75lbttej8lv0
[26-Feb-2026 07:02:14 UTC] Using Order ID from session: 116
[26-Feb-2026 07:02:14 UTC] Using Applicant ID from session: 119
[26-Feb-2026 07:02:14 UTC] Found 15 questions for country_id: 1
[26-Feb-2026 07:02:14 UTC] ========== UPLOAD DEBUG ==========
[26-Feb-2026 07:02:14 UTC] Order ID: 116
[26-Feb-2026 07:02:14 UTC] Order created_at: 2026-02-25 11:15:52
[26-Feb-2026 07:02:14 UTC] Order array keys: id, country_id, visa_type_id, visa_type, processing_time, email, phone, total_amount, currency, payment_status, visa_status, created_at, updated_at, country_name
[26-Feb-2026 07:02:15 UTC] ========== EDIT PAGE ACCESSED ==========
[26-Feb-2026 07:02:15 UTC] Session ID: gdc6som3s0s2nk75lbttej8lv0
[26-Feb-2026 07:02:15 UTC] Using Order ID from session: 116
[26-Feb-2026 07:02:15 UTC] Using Applicant ID from session: 119
[26-Feb-2026 07:02:15 UTC] Found 15 questions for country_id: 1
[26-Feb-2026 07:02:15 UTC] ========== UPLOAD DEBUG ==========
[26-Feb-2026 07:02:15 UTC] Order ID: 116
[26-Feb-2026 07:02:15 UTC] Order created_at: 2026-02-25 11:15:52
[26-Feb-2026 07:02:15 UTC] Order array keys: id, country_id, visa_type_id, visa_type, processing_time, email, phone, total_amount, currency, payment_status, visa_status, created_at, updated_at, country_name
[26-Feb-2026 07:04:14 UTC] ========== EDIT PAGE ACCESSED ==========
[26-Feb-2026 07:04:14 UTC] Session ID: gdc6som3s0s2nk75lbttej8lv0
[26-Feb-2026 07:04:14 UTC] Using Order ID from session: 116
[26-Feb-2026 07:04:14 UTC] Using Applicant ID from session: 119
[26-Feb-2026 07:04:14 UTC] Found 15 questions for country_id: 1
[26-Feb-2026 07:04:14 UTC] ========== UPLOAD DEBUG ==========
[26-Feb-2026 07:04:14 UTC] Order ID: 116
[26-Feb-2026 07:04:14 UTC] Order created_at: 2026-02-25 11:15:52
[26-Feb-2026 07:04:14 UTC] Order array keys: id, country_id, visa_type_id, visa_type, processing_time, email, phone, total_amount, currency, payment_status, visa_status, created_at, updated_at, country_name
[26-Feb-2026 07:04:29 UTC] ========== EDIT PAGE ACCESSED ==========
[26-Feb-2026 07:04:29 UTC] Session ID: gdc6som3s0s2nk75lbttej8lv0
[26-Feb-2026 07:04:29 UTC] Using Order ID from session: 116
[26-Feb-2026 07:04:29 UTC] Using Applicant ID from session: 119
[26-Feb-2026 07:04:29 UTC] Found 15 questions for country_id: 1
[26-Feb-2026 07:04:29 UTC] ========== UPLOAD DEBUG ==========
[26-Feb-2026 07:04:29 UTC] Order ID: 116
[26-Feb-2026 07:04:29 UTC] Order created_at: 2026-02-25 11:15:52
[26-Feb-2026 07:04:29 UTC] Order array keys: id, country_id, visa_type_id, visa_type, processing_time, email, phone, total_amount, currency, payment_status, visa_status, created_at, updated_at, country_name
[26-Feb-2026 07:04:38 UTC] ========== EDIT PAGE ACCESSED ==========
[26-Feb-2026 07:04:38 UTC] Session ID: gdc6som3s0s2nk75lbttej8lv0
[26-Feb-2026 07:04:38 UTC] Using Order ID from session: 116
[26-Feb-2026 07:04:38 UTC] Using Applicant ID from session: 119
[26-Feb-2026 07:04:38 UTC] Found 15 questions for country_id: 1
[26-Feb-2026 07:04:38 UTC] ========== UPLOAD DEBUG ==========
[26-Feb-2026 07:04:38 UTC] Order ID: 116
[26-Feb-2026 07:04:38 UTC] Order created_at: 2026-02-25 11:15:52
[26-Feb-2026 07:04:38 UTC] Order array keys: id, country_id, visa_type_id, visa_type, processing_time, email, phone, total_amount, currency, payment_status, visa_status, created_at, updated_at, country_name
[26-Feb-2026 07:04:38 UTC] ========== EDIT PAGE ACCESSED ==========
[26-Feb-2026 07:04:38 UTC] Session ID: gdc6som3s0s2nk75lbttej8lv0
[26-Feb-2026 07:04:38 UTC] Using Order ID from session: 116
[26-Feb-2026 07:04:38 UTC] Using Applicant ID from session: 119
[26-Feb-2026 07:04:38 UTC] Found 15 questions for country_id: 1
[26-Feb-2026 07:04:38 UTC] ========== UPLOAD DEBUG ==========
[26-Feb-2026 07:04:38 UTC] Order ID: 116
[26-Feb-2026 07:04:38 UTC] Order created_at: 2026-02-25 11:15:52
[26-Feb-2026 07:04:38 UTC] Order array keys: id, country_id, visa_type_id, visa_type, processing_time, email, phone, total_amount, currency, payment_status, visa_status, created_at, updated_at, country_name
[26-Feb-2026 07:10:17 UTC] ========== EDIT PAGE ACCESSED ==========
[26-Feb-2026 07:10:17 UTC] Session ID: gdc6som3s0s2nk75lbttej8lv0
[26-Feb-2026 07:10:17 UTC] Using Order ID from session: 117
[26-Feb-2026 07:10:17 UTC] Using Applicant ID from session: 120
[26-Feb-2026 07:10:17 UTC] Found 15 questions for country_id: 1
[26-Feb-2026 07:10:17 UTC] ========== UPLOAD DEBUG ==========
[26-Feb-2026 07:10:17 UTC] Order ID: 117
[26-Feb-2026 07:10:17 UTC] Order created_at: 2026-02-26 07:09:53
[26-Feb-2026 07:10:17 UTC] Order array keys: id, country_id, visa_type_id, visa_type, processing_time, email, phone, total_amount, currency, payment_status, visa_status, created_at, updated_at, country_name
[26-Feb-2026 07:14:43 UTC] ========== EDIT PAGE ACCESSED ==========
[26-Feb-2026 07:14:43 UTC] Session ID: gdc6som3s0s2nk75lbttej8lv0
[26-Feb-2026 07:14:43 UTC] Using Order ID from session: 117
[26-Feb-2026 07:14:43 UTC] Using Applicant ID from session: 120
[26-Feb-2026 07:14:43 UTC] Found 15 questions for country_id: 1
[26-Feb-2026 07:14:43 UTC] ========== UPLOAD DEBUG ==========
[26-Feb-2026 07:14:43 UTC] Order ID: 117
[26-Feb-2026 07:14:43 UTC] Order created_at: 2026-02-26 07:09:53
[26-Feb-2026 07:14:43 UTC] Order array keys: id, country_id, visa_type_id, visa_type, processing_time, email, phone, total_amount, currency, payment_status, visa_status, created_at, updated_at, country_name
[26-Feb-2026 07:14:43 UTC] ========== EDIT PAGE ACCESSED ==========
[26-Feb-2026 07:14:43 UTC] Session ID: gdc6som3s0s2nk75lbttej8lv0
[26-Feb-2026 07:14:43 UTC] Using Order ID from session: 117
[26-Feb-2026 07:14:43 UTC] Using Applicant ID from session: 120
[26-Feb-2026 07:14:43 UTC] Found 15 questions for country_id: 1
[26-Feb-2026 07:14:43 UTC] ========== UPLOAD DEBUG ==========
[26-Feb-2026 07:14:43 UTC] Order ID: 117
[26-Feb-2026 07:14:43 UTC] Order created_at: 2026-02-26 07:09:53
[26-Feb-2026 07:14:43 UTC] Order array keys: id, country_id, visa_type_id, visa_type, processing_time, email, phone, total_amount, currency, payment_status, visa_status, created_at, updated_at, country_name
[26-Feb-2026 07:15:16 UTC] ========== EDIT PAGE ACCESSED ==========
[26-Feb-2026 07:15:16 UTC] Session ID: gdc6som3s0s2nk75lbttej8lv0
[26-Feb-2026 07:15:16 UTC] Using Order ID from session: 117
[26-Feb-2026 07:15:16 UTC] Using Applicant ID from session: 120
[26-Feb-2026 07:15:16 UTC] Found 15 questions for country_id: 1
[26-Feb-2026 07:15:16 UTC] ========== UPLOAD DEBUG ==========
[26-Feb-2026 07:15:16 UTC] Order ID: 117
[26-Feb-2026 07:15:16 UTC] Order created_at: 2026-02-26 07:09:53
[26-Feb-2026 07:15:16 UTC] Order array keys: id, country_id, visa_type_id, visa_type, processing_time, email, phone, total_amount, currency, payment_status, visa_status, created_at, updated_at, country_name
[26-Feb-2026 07:15:16 UTC] ========== EDIT PAGE ACCESSED ==========
[26-Feb-2026 07:15:16 UTC] Session ID: gdc6som3s0s2nk75lbttej8lv0
[26-Feb-2026 07:15:16 UTC] Using Order ID from session: 117
[26-Feb-2026 07:15:16 UTC] Using Applicant ID from session: 120
[26-Feb-2026 07:15:16 UTC] Found 15 questions for country_id: 1
[26-Feb-2026 07:15:16 UTC] ========== UPLOAD DEBUG ==========
[26-Feb-2026 07:15:16 UTC] Order ID: 117
[26-Feb-2026 07:15:16 UTC] Order created_at: 2026-02-26 07:09:53
[26-Feb-2026 07:15:16 UTC] Order array keys: id, country_id, visa_type_id, visa_type, processing_time, email, phone, total_amount, currency, payment_status, visa_status, created_at, updated_at, country_name
[26-Feb-2026 08:19:20 UTC] ========== EDIT PAGE ACCESSED ==========
[26-Feb-2026 08:19:20 UTC] Session ID: gdc6som3s0s2nk75lbttej8lv0
[26-Feb-2026 08:19:20 UTC] Using Order ID from session: 117
[26-Feb-2026 08:19:20 UTC] Using Applicant ID from session: 120
[26-Feb-2026 08:19:20 UTC] Found 15 questions for country_id: 1
[26-Feb-2026 08:19:20 UTC] ========== UPLOAD DEBUG ==========
[26-Feb-2026 08:19:20 UTC] Order ID: 117
[26-Feb-2026 08:19:20 UTC] Order created_at: 2026-02-26 07:09:53
[26-Feb-2026 08:19:20 UTC] Order array keys: id, country_id, visa_type_id, visa_type, processing_time, email, phone, total_amount, currency, payment_status, visa_status, created_at, updated_at, country_name
[26-Feb-2026 08:19:22 UTC] ========== EDIT PAGE ACCESSED ==========
[26-Feb-2026 08:19:22 UTC] Session ID: gdc6som3s0s2nk75lbttej8lv0
[26-Feb-2026 08:19:22 UTC] Using Order ID from session: 117
[26-Feb-2026 08:19:22 UTC] Using Applicant ID from session: 120
[26-Feb-2026 08:19:22 UTC] Found 15 questions for country_id: 1
[26-Feb-2026 08:19:22 UTC] ========== UPLOAD DEBUG ==========
[26-Feb-2026 08:19:22 UTC] Order ID: 117
[26-Feb-2026 08:19:22 UTC] Order created_at: 2026-02-26 07:09:53
[26-Feb-2026 08:19:22 UTC] Order array keys: id, country_id, visa_type_id, visa_type, processing_time, email, phone, total_amount, currency, payment_status, visa_status, created_at, updated_at, country_name
[26-Feb-2026 08:19:38 UTC] ========== EDIT PAGE ACCESSED ==========
[26-Feb-2026 08:19:38 UTC] Session ID: gdc6som3s0s2nk75lbttej8lv0
[26-Feb-2026 08:19:38 UTC] Using Order ID from session: 116
[26-Feb-2026 08:19:38 UTC] Using Applicant ID from session: 119
[26-Feb-2026 08:19:38 UTC] Found 15 questions for country_id: 1
[26-Feb-2026 08:19:38 UTC] ========== UPLOAD DEBUG ==========
[26-Feb-2026 08:19:38 UTC] Order ID: 116
[26-Feb-2026 08:19:38 UTC] Order created_at: 2026-02-25 11:15:52
[26-Feb-2026 08:19:38 UTC] Order array keys: id, country_id, visa_type_id, visa_type, processing_time, email, phone, total_amount, currency, payment_status, visa_status, created_at, updated_at, country_name
[26-Feb-2026 09:13:07 UTC] ========== EDIT PAGE ACCESSED ==========
[26-Feb-2026 09:13:07 UTC] Session ID: gdc6som3s0s2nk75lbttej8lv0
[26-Feb-2026 09:13:07 UTC] Using Order ID from session: 124
[26-Feb-2026 09:13:07 UTC] Using Applicant ID from session: 127
[26-Feb-2026 09:13:07 UTC] Found 15 questions for country_id: 1
[26-Feb-2026 09:13:07 UTC] ========== UPLOAD DEBUG ==========
[26-Feb-2026 09:13:07 UTC] Order ID: 124
[26-Feb-2026 09:13:07 UTC] Order created_at: 2026-02-26 09:08:02
[26-Feb-2026 09:13:07 UTC] Order array keys: id, country_id, visa_type_id, visa_type, processing_time, email, phone, total_amount, currency, payment_status, visa_status, created_at, updated_at, country_name
[26-Feb-2026 09:14:04 UTC] ========== EDIT PAGE ACCESSED ==========
[26-Feb-2026 09:14:04 UTC] Session ID: gdc6som3s0s2nk75lbttej8lv0
[26-Feb-2026 09:14:04 UTC] Using Order ID from session: 124
[26-Feb-2026 09:14:04 UTC] Using Applicant ID from session: 127
[26-Feb-2026 09:14:04 UTC] Found 15 questions for country_id: 1
[26-Feb-2026 09:14:04 UTC] ========== UPLOAD DEBUG ==========
[26-Feb-2026 09:14:04 UTC] Order ID: 124
[26-Feb-2026 09:14:04 UTC] Order created_at: 2026-02-26 09:08:02
[26-Feb-2026 09:14:04 UTC] Order array keys: id, country_id, visa_type_id, visa_type, processing_time, email, phone, total_amount, currency, payment_status, visa_status, created_at, updated_at, country_name
[26-Feb-2026 09:14:04 UTC] ========== EDIT PAGE ACCESSED ==========
[26-Feb-2026 09:14:04 UTC] Session ID: gdc6som3s0s2nk75lbttej8lv0
[26-Feb-2026 09:14:04 UTC] Using Order ID from session: 124
[26-Feb-2026 09:14:04 UTC] Using Applicant ID from session: 127
[26-Feb-2026 09:14:04 UTC] Found 15 questions for country_id: 1
[26-Feb-2026 09:14:04 UTC] ========== UPLOAD DEBUG ==========
[26-Feb-2026 09:14:04 UTC] Order ID: 124
[26-Feb-2026 09:14:04 UTC] Order created_at: 2026-02-26 09:08:02
[26-Feb-2026 09:14:04 UTC] Order array keys: id, country_id, visa_type_id, visa_type, processing_time, email, phone, total_amount, currency, payment_status, visa_status, created_at, updated_at, country_name
[26-Feb-2026 09:14:46 UTC] ========== EDIT PAGE ACCESSED ==========
[26-Feb-2026 09:14:46 UTC] Session ID: gdc6som3s0s2nk75lbttej8lv0
[26-Feb-2026 09:14:46 UTC] Using Order ID from session: 124
[26-Feb-2026 09:14:46 UTC] Using Applicant ID from session: 127
[26-Feb-2026 09:14:46 UTC] Found 15 questions for country_id: 1
[26-Feb-2026 09:14:46 UTC] ========== UPLOAD DEBUG ==========
[26-Feb-2026 09:14:46 UTC] Order ID: 124
[26-Feb-2026 09:14:46 UTC] Order created_at: 2026-02-26 09:08:02
[26-Feb-2026 09:14:46 UTC] Order array keys: id, country_id, visa_type_id, visa_type, processing_time, email, phone, total_amount, currency, payment_status, visa_status, created_at, updated_at, country_name
[26-Feb-2026 09:14:46 UTC] ========== EDIT PAGE ACCESSED ==========
[26-Feb-2026 09:14:46 UTC] Session ID: gdc6som3s0s2nk75lbttej8lv0
[26-Feb-2026 09:14:46 UTC] Using Order ID from session: 124
[26-Feb-2026 09:14:46 UTC] Using Applicant ID from session: 127
[26-Feb-2026 09:14:46 UTC] Found 15 questions for country_id: 1
[26-Feb-2026 09:14:46 UTC] ========== UPLOAD DEBUG ==========
[26-Feb-2026 09:14:46 UTC] Order ID: 124
[26-Feb-2026 09:14:46 UTC] Order created_at: 2026-02-26 09:08:02
[26-Feb-2026 09:14:46 UTC] Order array keys: id, country_id, visa_type_id, visa_type, processing_time, email, phone, total_amount, currency, payment_status, visa_status, created_at, updated_at, country_name
[26-Feb-2026 09:31:29 UTC] ========== EDIT PAGE ACCESSED ==========
[26-Feb-2026 09:31:29 UTC] Session ID: gdc6som3s0s2nk75lbttej8lv0
[26-Feb-2026 09:31:29 UTC] Using Order ID from session: 124
[26-Feb-2026 09:31:29 UTC] Using Applicant ID from session: 127
[26-Feb-2026 09:31:29 UTC] Found 15 questions for country_id: 1
[26-Feb-2026 09:31:29 UTC] ========== UPLOAD DEBUG ==========
[26-Feb-2026 09:31:29 UTC] Order ID: 124
[26-Feb-2026 09:31:29 UTC] Order created_at: 2026-02-26 09:08:02
[26-Feb-2026 09:31:29 UTC] Order array keys: id, country_id, visa_type_id, visa_type, processing_time, email, phone, total_amount, currency, payment_status, visa_status, created_at, updated_at, country_name
[26-Feb-2026 09:31:29 UTC] ========== EDIT PAGE ACCESSED ==========
[26-Feb-2026 09:31:29 UTC] Session ID: gdc6som3s0s2nk75lbttej8lv0
[26-Feb-2026 09:31:29 UTC] Using Order ID from session: 124
[26-Feb-2026 09:31:29 UTC] Using Applicant ID from session: 127
[26-Feb-2026 09:31:29 UTC] Found 15 questions for country_id: 1
[26-Feb-2026 09:31:29 UTC] ========== UPLOAD DEBUG ==========
[26-Feb-2026 09:31:29 UTC] Order ID: 124
[26-Feb-2026 09:31:29 UTC] Order created_at: 2026-02-26 09:08:02
[26-Feb-2026 09:31:29 UTC] Order array keys: id, country_id, visa_type_id, visa_type, processing_time, email, phone, total_amount, currency, payment_status, visa_status, created_at, updated_at, country_name
[26-Feb-2026 09:31:49 UTC] ========== EDIT PAGE ACCESSED ==========
[26-Feb-2026 09:31:49 UTC] Session ID: gdc6som3s0s2nk75lbttej8lv0
[26-Feb-2026 09:31:49 UTC] Using Order ID from session: 124
[26-Feb-2026 09:31:49 UTC] Using Applicant ID from session: 127
[26-Feb-2026 09:31:49 UTC] Found 15 questions for country_id: 1
[26-Feb-2026 09:31:49 UTC] ========== UPLOAD DEBUG ==========
[26-Feb-2026 09:31:49 UTC] Order ID: 124
[26-Feb-2026 09:31:49 UTC] Order created_at: 2026-02-26 09:08:02
[26-Feb-2026 09:31:49 UTC] Order array keys: id, country_id, visa_type_id, visa_type, processing_time, email, phone, total_amount, currency, payment_status, visa_status, created_at, updated_at, country_name
[26-Feb-2026 09:31:49 UTC] ========== EDIT PAGE ACCESSED ==========
[26-Feb-2026 09:31:49 UTC] Session ID: gdc6som3s0s2nk75lbttej8lv0
[26-Feb-2026 09:31:49 UTC] Using Order ID from session: 124
[26-Feb-2026 09:31:49 UTC] Using Applicant ID from session: 127
[26-Feb-2026 09:31:49 UTC] Found 15 questions for country_id: 1
[26-Feb-2026 09:31:49 UTC] ========== UPLOAD DEBUG ==========
[26-Feb-2026 09:31:49 UTC] Order ID: 124
[26-Feb-2026 09:31:49 UTC] Order created_at: 2026-02-26 09:08:02
[26-Feb-2026 09:31:49 UTC] Order array keys: id, country_id, visa_type_id, visa_type, processing_time, email, phone, total_amount, currency, payment_status, visa_status, created_at, updated_at, country_name
[26-Feb-2026 09:57:09 UTC] ========== EDIT PAGE ACCESSED ==========
[26-Feb-2026 09:57:09 UTC] Session ID: gdc6som3s0s2nk75lbttej8lv0
[26-Feb-2026 09:57:09 UTC] Using Order ID from session: 124
[26-Feb-2026 09:57:09 UTC] Using Applicant ID from session: 127
[26-Feb-2026 09:57:09 UTC] Found 15 questions for country_id: 1
[26-Feb-2026 09:57:20 UTC] ========== EDIT PAGE ACCESSED ==========
[26-Feb-2026 09:57:20 UTC] Session ID: gdc6som3s0s2nk75lbttej8lv0
[26-Feb-2026 09:57:20 UTC] Using Order ID from session: 124
[26-Feb-2026 09:57:20 UTC] Using Applicant ID from session: 127
[26-Feb-2026 09:57:20 UTC] Found 15 questions for country_id: 1
[26-Feb-2026 09:57:22 UTC] ========== EDIT PAGE ACCESSED ==========
[26-Feb-2026 09:57:22 UTC] Session ID: gdc6som3s0s2nk75lbttej8lv0
[26-Feb-2026 09:57:22 UTC] Using Order ID from session: 124
[26-Feb-2026 09:57:22 UTC] Using Applicant ID from session: 127
[26-Feb-2026 09:57:22 UTC] Found 15 questions for country_id: 1
[26-Feb-2026 10:25:23 UTC] ========== EDIT PAGE ACCESSED ==========
[26-Feb-2026 10:25:23 UTC] Session ID: se7d1ir557s47umn794orkqiuj
[26-Feb-2026 10:25:23 UTC] Using Order ID from session: 128
[26-Feb-2026 10:25:23 UTC] Using Applicant ID from session: 131
[26-Feb-2026 10:25:23 UTC] Found 15 questions for country_id: 1
[26-Feb-2026 10:25:42 UTC] ========== EDIT PAGE ACCESSED ==========
[26-Feb-2026 10:25:42 UTC] Session ID: se7d1ir557s47umn794orkqiuj
[26-Feb-2026 10:25:42 UTC] Using Order ID from session: 128
[26-Feb-2026 10:25:42 UTC] Using Applicant ID from session: 131
[26-Feb-2026 10:25:42 UTC] Found 15 questions for country_id: 1
[27-Feb-2026 06:09:13 UTC] ========== EDIT PAGE ACCESSED ==========
[27-Feb-2026 06:09:13 UTC] Session ID: 7orvagvh62r1l6c3lrh0saikc5
[27-Feb-2026 06:09:13 UTC] Using Order ID from session: 130
[27-Feb-2026 06:09:13 UTC] Using Applicant ID from session: 133
[27-Feb-2026 06:09:13 UTC] Found 15 questions for country_id: 1
[27-Feb-2026 06:10:07 UTC] ========== EDIT PAGE ACCESSED ==========
[27-Feb-2026 06:10:07 UTC] Session ID: 7orvagvh62r1l6c3lrh0saikc5
[27-Feb-2026 06:10:07 UTC] Using Order ID from session: 130
[27-Feb-2026 06:10:07 UTC] Using Applicant ID from session: 133
[27-Feb-2026 06:10:07 UTC] Found 15 questions for country_id: 1
[27-Feb-2026 06:10:07 UTC] ========== EDIT PAGE ACCESSED ==========
[27-Feb-2026 06:10:07 UTC] Session ID: 7orvagvh62r1l6c3lrh0saikc5
[27-Feb-2026 06:10:07 UTC] Using Order ID from session: 130
[27-Feb-2026 06:10:07 UTC] Using Applicant ID from session: 133
[27-Feb-2026 06:10:07 UTC] Found 15 questions for country_id: 1
[27-Feb-2026 06:11:00 UTC] ========== EDIT PAGE ACCESSED ==========
[27-Feb-2026 06:11:00 UTC] Session ID: 7orvagvh62r1l6c3lrh0saikc5
[27-Feb-2026 06:11:00 UTC] Using Order ID from session: 130
[27-Feb-2026 06:11:00 UTC] Using Applicant ID from session: 133
[27-Feb-2026 06:11:00 UTC] Found 15 questions for country_id: 1
[27-Feb-2026 06:11:01 UTC] ========== EDIT PAGE ACCESSED ==========
[27-Feb-2026 06:11:01 UTC] Session ID: 7orvagvh62r1l6c3lrh0saikc5
[27-Feb-2026 06:11:01 UTC] Using Order ID from session: 130
[27-Feb-2026 06:11:01 UTC] Using Applicant ID from session: 133
[27-Feb-2026 06:11:01 UTC] Found 15 questions for country_id: 1
[12-Mar-2026 09:00:29 Europe/Berlin] ========== EDIT PAGE ACCESSED ==========
[12-Mar-2026 09:00:29 Europe/Berlin] Session ID: gqdjqnuikjeqb9c2e60gup004v
[12-Mar-2026 09:00:29 Europe/Berlin] SECURITY FAIL: edit_verified not set or not true
[12-Mar-2026 10:02:14 Europe/Berlin] ========== EDIT PAGE ACCESSED ==========
[12-Mar-2026 10:02:14 Europe/Berlin] Session ID: gt8pba7bl2a1k4kode6k90d9ba
[12-Mar-2026 10:02:14 Europe/Berlin] SECURITY FAIL: edit_verified not set or not true
[12-Mar-2026 10:02:24 Europe/Berlin] ========== EDIT PAGE ACCESSED ==========
[12-Mar-2026 10:02:24 Europe/Berlin] Session ID: gt8pba7bl2a1k4kode6k90d9ba
[12-Mar-2026 10:02:24 Europe/Berlin] SECURITY FAIL: edit_verified not set or not true
[12-Mar-2026 10:53:05 Europe/Berlin] ========== EDIT PAGE ACCESSED ==========
[12-Mar-2026 10:53:05 Europe/Berlin] Session ID: 0kr4cgl030c8ci457onrpsqepo
[12-Mar-2026 10:53:05 Europe/Berlin] SECURITY FAIL: edit_verified not set or not true
[12-Mar-2026 10:53:17 Europe/Berlin] ========== EDIT PAGE ACCESSED ==========
[12-Mar-2026 10:53:17 Europe/Berlin] Session ID: 0kr4cgl030c8ci457onrpsqepo
[12-Mar-2026 10:53:17 Europe/Berlin] Using Order ID from session: 30
[12-Mar-2026 10:53:17 Europe/Berlin] Using Applicant ID from session: 31
[12-Mar-2026 10:53:17 Europe/Berlin] Found 21 questions for country_id: 1
